DiagnosticsPlugin.exe Information: 0 : [07/04/2017 15:52:35] Starting DiagnosticPlugin.exe DiagnosticPlugin-ShutdownEvent DiagnosticPlugin-TotalShutdownEvent -wadVer1v5
DiagnosticsPlugin.exe Error: 0 : [07/04/2017 15:52:37] Failed to save IIS Directory state
DiagnosticsPlugin.exe Error: 0 : [07/04/2017 15:52:37] System.Runtime.InteropServices.COMException (0x80040154): No se pudo recuperar el generador de clases COM para el componente con CLSID {2B72133B-3F5B-4602-8952-803546CE3344} debido al siguiente error: 80040154 Clase no registrada (Excepción de HRESULT: 0x80040154 (REGDB_E_CLASSNOTREG)).
   en System.Runtime.Remoting.RemotingServices.AllocateUninitializedObject(RuntimeType objectType)
   en System.Runtime.Remoting.Activation.ActivationServices.CreateInstance(RuntimeType serverType)
   en System.Runtime.Remoting.Activation.ActivationServices.IsCurrentContextOK(RuntimeType serverType, Object[] props, Boolean bNewObj)
   en System.RuntimeTypeHandle.CreateInstance(RuntimeType type, Boolean publicOnly, Boolean noCheck, Boolean& canBeCached, RuntimeMethodHandleInternal& ctor, Boolean& bNeedSecurityCheck)
   en System.RuntimeType.CreateInstanceSlow(Boolean publicOnly, Boolean skipCheckThis, Boolean fillCache, StackCrawlMark& stackMark)
   en System.Activator.CreateInstance[T]()
   en Microsoft.Web.Administration.ConfigurationManager.CreateAdminManager[TClass,TInterface](WebConfigurationMap webConfigMap, Boolean isAdminConfig)
   en Microsoft.Web.Administration.ConfigurationManager.CreateConfiguration(WebConfigurationMap configMap, String configPathToEdit, Boolean isAdminConfig)
   en Microsoft.Web.Administration.ConfigurationManager.GetConfiguration(String rawConfigurationPath, String cacheKey, Boolean isAdminConfig)
   en Microsoft.Web.Administration.ServerManager.get_SitesSection()
   en Microsoft.Web.Administration.ServerManager.get_Sites()
   en Microsoft.Azure.Plugins.Plugin.DiagnosticsPluginManager.SaveIISDirectoryState()
DiagnosticsPlugin.exe Information: 0 : [07/04/2017 15:52:37] Starting DiagnosticsPlugin
DiagnosticsPlugin.exe Information: 0 : [07/04/2017 15:52:37] Emulator config file set to C:\Users\Asierae\Documents\Visual Studio 2013\Projects\WebApplication1\AzureCloudService2\csx\Debug\roles\WebApplication1\approot\diagnostics.wadcfgx
DiagnosticsPlugin.exe Information: 0 : [07/04/2017 15:52:37] DiagnosticsStoreRootPath set to: C:\Users\Asierae\AppData\Local\dftmp\Resources\0d467a4b-5d00-416b-b38b-abccfc17ab23
DiagnosticsPlugin.exe Information: 0 : [07/04/2017 15:52:37] Loading config file: C:\Users\Asierae\Documents\Visual Studio 2013\Projects\WebApplication1\AzureCloudService2\csx\Debug\roles\WebApplication1\approot\diagnostics.wadcfgx
DiagnosticsPlugin.exe Information: 0 : [07/04/2017 15:52:37] Config file to read: C:\Users\Asierae\Documents\Visual Studio 2013\Projects\WebApplication1\AzureCloudService2\csx\Debug\roles\WebApplication1\approot\diagnostics.wadcfgx
DiagnosticsPlugin.exe Information: 0 : [07/04/2017 15:52:37] Checking VM Type
DiagnosticsPlugin.exe Information: 0 : [07/04/2017 15:52:37] Emulator config file set to C:\Users\Asierae\Documents\Visual Studio 2013\Projects\WebApplication1\AzureCloudService2\csx\Debug\roles\WebApplication1\approot\diagnostics.wadcfgx
DiagnosticsPlugin.exe Information: 0 : [07/04/2017 15:52:37] Extension set to Emulator Mode
DiagnosticsPlugin.exe Information: 0 : [07/04/2017 15:52:37] Reading XML configuration file
DiagnosticsPlugin.exe Information: 0 : [07/04/2017 15:52:37] Bypassing private config decryption
DiagnosticsPlugin.exe Information: 0 : [07/04/2017 15:52:37] WadCfg is provided in initial configuration. Using that to initialize Diagnostics.
DiagnosticsPlugin.exe Information: 0 : [07/04/2017 15:52:37] <PublicConfig xmlns="http://schemas.microsoft.com/ServiceHosting/2010/10/DiagnosticsConfiguration">
  <WadCfg>
    <DiagnosticMonitorConfiguration overallQuotaInMB="4096">
      <DiagnosticInfrastructureLogs scheduledTransferLogLevelFilter="Error" />
      <Logs scheduledTransferPeriod="PT1M" scheduledTransferLogLevelFilter="Error" />
      <Directories scheduledTransferPeriod="PT1M">
        <IISLogs containerName="wad-iis-logfiles" />
        <FailedRequestLogs containerName="wad-failedrequestlogs" />
      </Directories>
      <WindowsEventLog scheduledTransferPeriod="PT1M">
        <DataSource name="Application!*[System[(Level=1 or Level=2 or Level=3)]]" />
        <DataSource name="Windows Azure!*[System[(Level=1 or Level=2 or Level=3 or Level=4)]]" />
      </WindowsEventLog>
      <CrashDumps containerName="wad-crashdumps" dumpType="Mini">
        <CrashDumpConfiguration processName="WaIISHost.exe" />
        <CrashDumpConfiguration processName="WaWorkerHost.exe" />
        <CrashDumpConfiguration processName="w3wp.exe" />
      </CrashDumps>
      <PerformanceCounters scheduledTransferPeriod="PT1M">
        <PerformanceCounterConfiguration counterSpecifier="\Memory\Available MBytes" sampleRate="PT3M" />
        <PerformanceCounterConfiguration counterSpecifier="\Web Service(_Total)\ISAPI Extension Requests/sec" sampleRate="PT3M" />
        <PerformanceCounterConfiguration counterSpecifier="\Web Service(_Total)\Bytes Total/Sec" sampleRate="PT3M" />
        <PerformanceCounterConfiguration counterSpecifier="\ASP.NET Applications(__Total__)\Requests/Sec" sampleRate="PT3M" />
        <PerformanceCounterConfiguration counterSpecifier="\ASP.NET Applications(__Total__)\Errors Total/Sec" sampleRate="PT3M" />
        <PerformanceCounterConfiguration counterSpecifier="\ASP.NET\Requests Queued" sampleRate="PT3M" />
        <PerformanceCounterConfiguration counterSpecifier="\ASP.NET\Requests Rejected" sampleRate="PT3M" />
        <PerformanceCounterConfiguration counterSpecifier="\Processor(_Total)\% Processor Time" sampleRate="PT3M" />
      </PerformanceCounters>
    </DiagnosticMonitorConfiguration>
  </WadCfg>
  <StorageAccount>devstoreaccount1</StorageAccount>
</PublicConfig>
DiagnosticsPlugin.exe Information: 0 : [07/04/2017 15:52:37] Private setting is loaded
DiagnosticsPlugin.exe Information: 0 : [07/04/2017 15:52:37] Is config json/xml loaded
DiagnosticsPlugin.exe Information: 0 : [07/04/2017 15:52:37] Checking if configuration needs to be fetched from the storage account and doing so if needed.
DiagnosticsPlugin.exe Information: 0 : [07/04/2017 15:52:41] Successfully created checkpoint file C:\Users\Asierae\AppData\Local\dftmp\Resources\0d467a4b-5d00-416b-b38b-abccfc17ab23\WAD0105\Configuration\Checkpoint.txt
DiagnosticsPlugin.exe Information: 0 : [07/04/2017 15:52:41] Will use local resource directory C:\Users\Asierae\AppData\Local\dftmp\Resources\0d467a4b-5d00-416b-b38b-abccfc17ab23\WAD0105
DiagnosticsPlugin.exe Information: 0 : [07/04/2017 15:52:41] Will use endpoint https://core.windows.net for storage.
DiagnosticsPlugin.exe Information: 0 : [07/04/2017 15:52:43] Exception in creating the ServerManager; is IIS installed?
 Error:System.Runtime.InteropServices.COMException (0x80040154): No se pudo recuperar el generador de clases COM para el componente con CLSID {2B72133B-3F5B-4602-8952-803546CE3344} debido al siguiente error: 80040154 Clase no registrada (Excepción de HRESULT: 0x80040154 (REGDB_E_CLASSNOTREG)).
   en System.Runtime.Remoting.RemotingServices.AllocateUninitializedObject(RuntimeType objectType)
   en System.Runtime.Remoting.Activation.ActivationServices.CreateInstance(RuntimeType serverType)
   en System.Runtime.Remoting.Activation.ActivationServices.IsCurrentContextOK(RuntimeType serverType, Object[] props, Boolean bNewObj)
   en System.RuntimeTypeHandle.CreateInstance(RuntimeType type, Boolean publicOnly, Boolean noCheck, Boolean& canBeCached, RuntimeMethodHandleInternal& ctor, Boolean& bNeedSecurityCheck)
   en System.RuntimeType.CreateInstanceSlow(Boolean publicOnly, Boolean skipCheckThis, Boolean fillCache, StackCrawlMark& stackMark)
   en System.Activator.CreateInstance[T]()
   en Microsoft.Web.Administration.ConfigurationManager.CreateAdminManager[TClass,TInterface](WebConfigurationMap webConfigMap, Boolean isAdminConfig)
   en Microsoft.Web.Administration.ConfigurationManager.CreateConfiguration(WebConfigurationMap configMap, String configPathToEdit, Boolean isAdminConfig)
   en Microsoft.Web.Administration.ConfigurationManager.GetConfiguration(String rawConfigurationPath, String cacheKey, Boolean isAdminConfig)
   en Microsoft.Web.Administration.ServerManager.get_SitesSection()
   en Microsoft.Web.Administration.ServerManager.get_Sites()
   en Microsoft.Azure.Plugins.Plugin.WadConfigProcessor.AddDirectories(EventsType mdsEvents, Directories wadDirectories)
DiagnosticsPlugin.exe Information: 0 : [07/04/2017 15:52:43] Running in emulator mode, crash dumps not enabled
DiagnosticsPlugin.exe Information: 0 : [07/04/2017 15:52:43] Checking to see if Application Insights extension needs to be configured.
DiagnosticsPlugin.exe Information: 0 : [07/04/2017 15:52:44] In emulator mode and using devstore updating XStoreAccount info, command line args: -LocalPath "C:\Users\Asierae\AppData\Local\dftmp\Resources\0d467a4b-5d00-416b-b38b-abccfc17ab23\WAD0105"  -ConfigFile "C:\Users\Asierae\AppData\Local\dftmp\Resources\0d467a4b-5d00-416b-b38b-abccfc17ab23\WAD0105\Configuration\MaConfig.xml" -ShutDownEvent WADDM-ShutDown-7929247444c6485a9954585c4d9fb5d0  -TotalShutDownEvent WADDM-TotalShutDown-7929247444c6485a9954585c4d9fb5d0 -InitializedEvent WADM-StartUp-7929247444c6485a9954585c4d9fb5d0 -parent 4580 -events -wadVer1v5 -UseProxyServer -XStoreAccounts WadAccount#true#devstoreaccount1#Eby8vdM02xNOcqFlqUwJPLlmEtlCDXJ1OUzFT50uSRZ6IFsuFq2UVErCz4I6tq/K1SZFPTOtr/KBHBeksoGMGw==#http://127.0.0.1:10002#http://127.0.0.1:10001#http://127.0.0.1:10000
DiagnosticsPlugin.exe Error: 0 : [07/04/2017 15:53:14] Microsoft.Cis.Monitoring.Query.QueryException: ErrorFail
   en Microsoft.Cis.Monitoring.Query.QueryLocalTable..ctor(String TableName, String TablePath)
   en ApplicationInsightsExtension.MATableReader.ReadTableRecords(String tableName, String tablePath, DateTime startTime, DateTime endTime)
   en Microsoft.Azure.Plugins.Diagnostics.dll.MAStatusWriter.UpdateStatusReport(Object sender, ElapsedEventArgs e)
